生成启动时间为 2020/8/8 18:46:39。
     1>项目“F:\VS2013\MyCppSpace\OpenGL\RayTracing\chapter9\chapter9.vcxproj”在节点 2 上(Build 个目标)。
     1>ClCompile:
         F:\VS2013\VC\bin\CL.exe /c /ZI /nologo /W3 /WX- /sdl /Od /Oy- /D _MBCS /Gm /EHsc /RTC1 /MDd /GS /fp:precise /Zc:wchar_t /Zc:forScope /Fo"Debug\\" /Fd"Debug\vc120.pdb" /Gd /TP /analyze- /errorReport:prompt CCGCamera.cpp CCGHitObjects.cpp CCGMaterial.cpp CCGRay.cpp Dielectrics.cpp
         CCGRay.cpp
         正在生成代码...
         正在跳过...(未检测到相关更改)
         Dielectrics.cpp
         CCGMaterial.cpp
         CCGHitObjects.cpp
         CCGCamera.cpp
       Link:
         F:\VS2013\VC\bin\link.exe /ERRORREPORT:PROMPT /OUT:"F:\VS2013\MyCppSpace\OpenGL\RayTracing\Debug\chapter9.exe" /INCREMENTAL /NOLOGO kernel32.lib user32.lib gdi32.lib winspool.lib comdlg32.lib advapi32.lib shell32.lib ole32.lib oleaut32.lib uuid.lib odbc32.lib odbccp32.lib /MANIFEST /MANIFESTUAC:"level='asInvoker' uiAccess='false'" /manifest:embed /DEBUG /PDB:"F:\VS2013\MyCppSpace\OpenGL\RayTracing\Debug\chapter9.pdb" /TLBID:1 /DYNAMICBASE /NXCOMPAT /IMPLIB:"F:\VS2013\MyCppSpace\OpenGL\RayTracing\Debug\chapter9.lib" /MACHINE:X86 Debug\CCGCamera.obj
         Debug\CCGHitObjects.obj
         Debug\CCGMaterial.obj
         Debug\CCGRay.obj
         Debug\Dielectrics.obj
         Debug\Vec3.obj
         chapter9.vcxproj -> F:\VS2013\MyCppSpace\OpenGL\RayTracing\Debug\chapter9.exe
     1>已完成生成项目“F:\VS2013\MyCppSpace\OpenGL\RayTracing\chapter9\chapter9.vcxproj”(Build 个目标)的操作。

生成成功。

已用时间 00:00:01.40
