生成启动时间为 2020/9/13 18:02:52。
     1>项目“F:\VS2013\MyCppSpace\OpenGL\InNextWeekend\InNextWeekend\InNextWeekend.vcxproj”在节点 2 上(Build 个目标)。
     1>ClCompile:
         F:\VS2013\VC\bin\CL.exe /c /ZI /nologo /W3 /WX- /sdl /Od /Oy- /D _CRT_SECURE_NO_WARNINGS /D _MBCS /Gm /EHsc /RTC1 /MDd /GS /fp:precise /Zc:wchar_t /Zc:forScope /Fo"Debug\\" /Fd"Debug\vc120.pdb" /Gd /TP /analyze- /errorReport:prompt CCGHitObjects.cpp CCGMaterial.cpp CCGTexture.cpp CCGaabb.cpp CGPerlin.cpp Final.cpp
         Final.cpp
         正在生成代码...
         正在跳过...(未检测到相关更改)
         CGPerlin.cpp
         CCGaabb.cpp
         CCGTexture.cpp
         CCGMaterial.cpp
         CCGHitObjects.cpp
       Link:
         F:\VS2013\VC\bin\link.exe /ERRORREPORT:PROMPT /OUT:"F:\VS2013\MyCppSpace\OpenGL\InNextWeekend\Debug\InNextWeekend.exe" /INCREMENTAL /NOLOGO kernel32.lib user32.lib gdi32.lib winspool.lib comdlg32.lib advapi32.lib shell32.lib ole32.lib oleaut32.lib uuid.lib odbc32.lib odbccp32.lib /MANIFEST /MANIFESTUAC:"level='asInvoker' uiAccess='false'" /manifest:embed /DEBUG /PDB:"F:\VS2013\MyCppSpace\OpenGL\InNextWeekend\Debug\InNextWeekend.pdb" /TLBID:1 /DYNAMICBASE /NXCOMPAT /IMPLIB:"F:\VS2013\MyCppSpace\OpenGL\InNextWeekend\Debug\InNextWeekend.lib" /MACHINE:X86 Debug\CCGaabb.obj
         Debug\CCGCamera.obj
         Debug\CCGHitObjects.obj
         Debug\CCGMaterial.obj
         Debug\CCGRay.obj
         Debug\CCGTexture.obj
         Debug\CGPerlin.obj
         Debug\Final.obj
         Debug\Vec3.obj
         InNextWeekend.vcxproj -> F:\VS2013\MyCppSpace\OpenGL\InNextWeekend\Debug\InNextWeekend.exe
     1>已完成生成项目“F:\VS2013\MyCppSpace\OpenGL\InNextWeekend\InNextWeekend\InNextWeekend.vcxproj”(Build 个目标)的操作。

生成成功。

已用时间 00:00:24.04
